[    31.960] (--) Log file renamed from "/home/son/.local/share/xorg/Xorg.pid-1443.log" to "/home/son/.local/share/xorg/Xorg.0.log"
[    31.962] 
X.Org X Server 1.19.6
Release Date: 2017-12-20
[    31.962] X Protocol Version 11, Revision 0
[    31.962] Build Operating System: Linux 4.4.0-119-generic x86_64 Ubuntu
[    31.962] Current Operating System: Linux ubuntu 4.15.0-36-generic #39-Ubuntu SMP Mon Sep 24 16:19:09 UTC 2018 x86_64
[    31.962] Kernel command line: BOOT_IMAGE=/boot/vmlinuz-4.15.0-36-generic root=UUID=92aea34c-c436-4b63-b59a-3194ff466cb4 ro find_preseed=/preseed.cfg auto noprompt priority=critical locale=en_US quiet
[    31.962] Build Date: 13 April 2018  08:07:36PM
[    31.962] xorg-server 2:1.19.6-1ubuntu4 (For technical support please see http://www.ubuntu.com/support) 
[    31.962] Current version of pixman: 0.34.0
[    31.962] 	Before reporting problems, check http://wiki.x.org
	to make sure that you have the latest version.
[    31.962] Markers: (--) probed, (**) from config file, (==) default setting,
	(++) from command line, (!!) notice, (II) informational,
	(WW) warning, (EE) error, (NI) not implemented, (??) unknown.
[    31.963] (==) Log file: "/home/son/.local/share/xorg/Xorg.0.log", Time: Sun Oct 14 23:16:52 2018
[    31.970] (==) Using system config directory "/usr/share/X11/xorg.conf.d"
[    31.979] (==) No Layout section.  Using the first Screen section.
[    31.979] (==) No screen section available. Using defaults.
[    31.979] (**) |-->Screen "Default Screen Section" (0)
[    31.979] (**) |   |-->Monitor "<default monitor>"
[    31.988] (==) No monitor specified for screen "Default Screen Section".
	Using a default monitor configuration.
[    31.988] (==) Automatically adding devices
[    31.988] (==) Automatically enabling devices
[    31.988] (==) Automatically adding GPU devices
[    31.988] (==) Automatically binding GPU devices
[    31.989] (==) Max clients allowed: 256, resource mask: 0x1fffff
[    31.989] (WW) The directory "/usr/share/fonts/X11/cyrillic" does not exist.
[    31.989] 	Entry deleted from font path.
[    31.989] (WW) The directory "/usr/share/fonts/X11/100dpi/" does not exist.
[    31.989] 	Entry deleted from font path.
[    31.989] (WW) The directory "/usr/share/fonts/X11/75dpi/" does not exist.
[    31.989] 	Entry deleted from font path.
[    31.989] (WW) The directory "/usr/share/fonts/X11/100dpi" does not exist.
[    31.989] 	Entry deleted from font path.
[    31.989] (WW) The directory "/usr/share/fonts/X11/75dpi" does not exist.
[    31.989] 	Entry deleted from font path.
[    31.989] (==) FontPath set to:
	/usr/share/fonts/X11/misc,
	/usr/share/fonts/X11/Type1,
	built-ins
[    31.989] (==) ModulePath set to "/usr/lib/xorg/modules"
[    31.989] (II) The server relies on udev to provide the list of input devices.
	If no devices become available, reconfigure udev or disable AutoAddDevices.
[    31.991] (II) Loader magic: 0x55faac7a2020
[    31.991] (II) Module ABI versions:
[    31.991] 	X.Org ANSI C Emulation: 0.4
[    31.991] 	X.Org Video Driver: 23.0
[    31.991] 	X.Org XInput driver : 24.1
[    31.991] 	X.Org Server Extension : 10.0
[    31.993] (++) using VT number 2

[    32.031] (II) systemd-logind: took control of session /org/freedesktop/login1/session/_32
[    32.035] (II) xfree86: Adding drm device (/dev/dri/card0)
[    32.074] (II) systemd-logind: got fd for /dev/dri/card0 226:0 fd 12 paused 0
[    32.109] (--) PCI:*(0:0:15:0) 15ad:0405:15ad:0405 rev 0, Mem @ 0xe8000000/134217728, 0xfe000000/8388608, I/O @ 0x00001070/16, BIOS @ 0x????????/131072
[    32.109] (II) LoadModule: "glx"
[    32.119] (II) Loading /usr/lib/xorg/modules/extensions/libglx.so
[    32.138] (II) Module glx: vendor="X.Org Foundation"
[    32.138] 	compiled for 1.19.6, module version = 1.0.0
[    32.139] 	ABI class: X.Org Server Extension, version 10.0
[    32.139] (==) Matched vmware as autoconfigured driver 0
[    32.139] (==) Matched vmware as autoconfigured driver 1
[    32.139] (==) Matched modesetting as autoconfigured driver 2
[    32.140] (==) Matched fbdev as autoconfigured driver 3
[    32.140] (==) Matched vesa as autoconfigured driver 4
[    32.140] (==) Assigned the driver to the xf86ConfigLayout
[    32.140] (II) LoadModule: "vmware"
[    32.144] (II) Loading /usr/lib/xorg/modules/drivers/vmware_drv.so
[    32.325] (II) Module vmware: vendor="X.Org Foundation"
[    32.325] 	compiled for 1.19.3, module version = 13.2.1
[    32.325] 	Module class: X.Org Video Driver
[    32.325] 	ABI class: X.Org Video Driver, version 23.0
[    32.325] (II) LoadModule: "modesetting"
[    32.326] (II) Loading /usr/lib/xorg/modules/drivers/modesetting_drv.so
[    32.339] (II) Module modesetting: vendor="X.Org Foundation"
[    32.339] 	compiled for 1.19.6, module version = 1.19.6
[    32.339] 	Module class: X.Org Video Driver
[    32.339] 	ABI class: X.Org Video Driver, version 23.0
[    32.350] (II) LoadModule: "fbdev"
[    32.377] (II) Loading /usr/lib/xorg/modules/drivers/fbdev_drv.so
[    32.385] (II) Module fbdev: vendor="X.Org Foundation"
[    32.385] 	compiled for 1.19.3, module version = 0.4.4
[    32.385] 	Module class: X.Org Video Driver
[    32.385] 	ABI class: X.Org Video Driver, version 23.0
[    32.385] (II) LoadModule: "vesa"
[    32.385] (II) Loading /usr/lib/xorg/modules/drivers/vesa_drv.so
[    32.392] (II) Module vesa: vendor="X.Org Foundation"
[    32.392] 	compiled for 1.19.3, module version = 2.3.4
[    32.392] 	Module class: X.Org Video Driver
[    32.392] 	ABI class: X.Org Video Driver, version 23.0
[    32.392] (II) vmware: driver for VMware SVGA: vmware0405, vmware0710
[    32.392] (II) modesetting: Driver for Modesetting Kernel Drivers: kms
[    32.392] (II) FBDEV: driver for framebuffer: fbdev
[    32.392] (II) VESA: driver for VESA chipsets: vesa
[    32.393] xf86EnableIOPorts: failed to set IOPL for I/O (Operation not permitted)
[    32.393] (WW) Falling back to old probe method for modesetting
[    32.393] (WW) Falling back to old probe method for fbdev
[    32.393] (II) Loading sub module "fbdevhw"
[    32.393] (II) LoadModule: "fbdevhw"
[    32.393] (II) Loading /usr/lib/xorg/modules/libfbdevhw.so
[    32.400] (II) Module fbdevhw: vendor="X.Org Foundation"
[    32.400] 	compiled for 1.19.6, module version = 0.0.2
[    32.400] 	ABI class: X.Org Video Driver, version 23.0
[    32.400] (EE) open /dev/fb0: Permission denied
[    32.400] (WW) Falling back to old probe method for vesa
[    32.400] (WW) VGA arbiter: cannot open kernel arbiter, no multi-card support
[    32.400] (II) vmware(0): Creating default Display subsection in Screen section
	"Default Screen Section" for depth/fbbpp 24/32
[    32.400] (--) vmware(0): DRM driver version is 2.14.0
[    32.400] (==) vmware(0): Depth 24, (--) framebuffer bpp 32
[    32.400] (==) vmware(0): RGB weight 888
[    32.400] (==) vmware(0): Default visual is TrueColor
[    32.400] (--) vmware(0): Min width 1, Max Width 8192.
[    32.400] (--) vmware(0): Min height 1, Max Height 8192.
[    32.401] (II) vmware(0): Output Virtual1 has no monitor section
[    32.401] (II) vmware(0): Output Virtual2 has no monitor section
[    32.401] (II) vmware(0): Output Virtual3 has no monitor section
[    32.401] (II) vmware(0): Output Virtual4 has no monitor section
[    32.401] (II) vmware(0): Output Virtual5 has no monitor section
[    32.401] (II) vmware(0): Output Virtual6 has no monitor section
[    32.401] (II) vmware(0): Output Virtual7 has no monitor section
[    32.401] (II) vmware(0): Output Virtual8 has no monitor section
[    32.401] (II) vmware(0): Printing probed modes for output Virtual1
[    32.401] (II) vmware(0): Modeline "800x600"x60.0   42.75  800 850 900 950  600 650 700 750 -hsync +vsync (45.0 kHz eP)
[    32.401] (II) vmware(0): Modeline "2560x1600"x60.0  348.50  2560 2752 3032 3504  1600 1603 1609 1658 -hsync +vsync (99.5 kHz e)
[    32.401] (II) vmware(0): Modeline "1920x1440"x60.0  234.00  1920 2048 2256 2600  1440 1441 1444 1500 -hsync +vsync (90.0 kHz e)
[    32.401] (II) vmware(0): Modeline "1856x1392"x60.0  218.25  1856 1952 2176 2528  1392 1393 1396 1439 -hsync +vsync (86.3 kHz e)
[    32.401] (II) vmware(0): Modeline "1792x1344"x60.0  204.75  1792 1920 2120 2448  1344 1345 1348 1394 -hsync +vsync (83.6 kHz e)
[    32.401] (II) vmware(0): Modeline "1920x1200"x59.9  193.25  1920 2056 2256 2592  1200 1203 1209 1245 -hsync +vsync (74.6 kHz e)
[    32.401] (II) vmware(0): Modeline "1600x1200"x60.0  162.00  1600 1664 1856 2160  1200 1201 1204 1250 +hsync +vsync (75.0 kHz e)
[    32.401] (II) vmware(0): Modeline "1680x1050"x60.0  146.25  1680 1784 1960 2240  1050 1053 1059 1089 -hsync +vsync (65.3 kHz e)
[    32.401] (II) vmware(0): Modeline "1400x1050"x60.0  121.75  1400 1488 1632 1864  1050 1053 1057 1089 -hsync +vsync (65.3 kHz e)
[    32.401] (II) vmware(0): Modeline "1280x1024"x60.0  108.00  1280 1328 1440 1688  1024 1025 1028 1066 +hsync +vsync (64.0 kHz e)
[    32.401] (II) vmware(0): Modeline "1440x900"x59.9  106.50  1440 1520 1672 1904  900 903 909 934 -hsync +vsync (55.9 kHz e)
[    32.401] (II) vmware(0): Modeline "1280x960"x60.0  108.00  1280 1376 1488 1800  960 961 964 1000 +hsync +vsync (60.0 kHz e)
[    32.401] (II) vmware(0): Modeline "1360x768"x60.0   85.50  1360 1424 1536 1792  768 771 777 795 +hsync +vsync (47.7 kHz e)
[    32.401] (II) vmware(0): Modeline "1280x800"x59.8   83.50  1280 1352 1480 1680  800 803 809 831 +hsync -vsync (49.7 kHz e)
[    32.401] (II) vmware(0): Modeline "1152x864"x75.0  108.00  1152 1216 1344 1600  864 865 868 900 +hsync +vsync (67.5 kHz e)
[    32.401] (II) vmware(0): Modeline "1280x768"x59.9   79.50  1280 1344 1472 1664  768 771 778 798 -hsync +vsync (47.8 kHz e)
[    32.401] (II) vmware(0): Modeline "1024x768"x60.0   65.00  1024 1048 1184 1344  768 771 777 806 -hsync -vsync (48.4 kHz e)
[    32.401] (II) vmware(0): Modeline "800x600"x60.3   40.00  800 840 968 1056  600 601 605 628 +hsync +vsync (37.9 kHz e)
[    32.401] (II) vmware(0): Modeline "640x480"x59.9   25.18  640 656 752 800  480 489 492 525 -hsync -vsync (31.5 kHz e)
[    32.402] (II) vmware(0): EDID for output Virtual2
[    32.402] (II) vmware(0): EDID for output Virtual3
[    32.402] (II) vmware(0): EDID for output Virtual4
[    32.402] (II) vmware(0): EDID for output Virtual5
[    32.402] (II) vmware(0): EDID for output Virtual6
[    32.402] (II) vmware(0): EDID for output Virtual7
[    32.402] (II) vmware(0): EDID for output Virtual8
[    32.402] (II) vmware(0): Output Virtual1 connected
[    32.402] (II) vmware(0): Output Virtual2 disconnected
[    32.402] (II) vmware(0): Output Virtual3 disconnected
[    32.402] (II) vmware(0): Output Virtual4 disconnected
[    32.402] (II) vmware(0): Output Virtual5 disconnected
[    32.402] (II) vmware(0): Output Virtual6 disconnected
[    32.402] (II) vmware(0): Output Virtual7 disconnected
[    32.402] (II) vmware(0): Output Virtual8 disconnected
[    32.402] (II) vmware(0): Using exact sizes for initial modes
[    32.402] (II) vmware(0): Output Virtual1 using initial mode 800x600 +0+0
[    32.402] (==) vmware(0): DPI set to (96, 96)
[    32.402] (==) vmware(0): Using gamma correction (1.0, 1.0, 1.0)
[    32.402] (II) Loading sub module "fb"
[    32.402] (II) LoadModule: "fb"
[    32.406] (II) Loading /usr/lib/xorg/modules/libfb.so
[    32.417] (II) Module fb: vendor="X.Org Foundation"
[    32.417] 	compiled for 1.19.6, module version = 1.0.0
[    32.417] 	ABI class: X.Org ANSI C Emulation, version 0.4
[    32.417] (II) Loading sub module "dri2"
[    32.417] (II) LoadModule: "dri2"
[    32.417] (II) Module "dri2" already built-in
[    32.418] (II) UnloadModule: "modesetting"
[    32.418] (II) Unloading modesetting
[    32.418] (II) UnloadModule: "fbdev"
[    32.418] (II) Unloading fbdev
[    32.418] (II) UnloadSubModule: "fbdevhw"
[    32.418] (II) Unloading fbdevhw
[    32.418] (II) UnloadModule: "vesa"
[    32.418] (II) Unloading vesa
[    32.418] (==) Depth 24 pixmap format is 32 bpp
[    32.429] (II) vmware(0): Initialized VMWARE_CTRL extension version 0.2
[    32.700] (II) vmware(0): Gallium3D XA version: 2.3.0.
[    32.701] (II) vmware(0): Path of drm device is "/dev/dri/card0".
[    32.701] (II) vmware(0): [DRI2] Setup complete
[    32.701] (II) vmware(0): [DRI2]   DRI driver: vmwgfx
[    32.701] (--) vmware(0): Render acceleration is enabled.
[    32.702] (==) vmware(0): Rendercheck mode is disabled.
[    32.702] (--) vmware(0): Direct rendering (3D) is enabled.
[    32.702] (==) vmware(0): Direct presents are disabled.
[    32.702] (==) vmware(0): Hardware only presents are automatic per scanout.
[    32.703] (==) vmware(0): Backing store enabled
[    32.703] (==) vmware(0): Silken mouse enabled
[    32.707] (II) vmware(0): RandR 1.2 enabled, ignore the following RandR disabled message.
[    32.715] (==) vmware(0): DPMS enabled
[    32.716] (--) RandR disabled
[    32.728] (II) SELinux: Disabled on system
[    32.754] (II) AIGLX: enabled GLX_MESA_copy_sub_buffer
[    32.754] (II) AIGLX: enabled GLX_ARB_create_context
[    32.754] (II) AIGLX: enabled GLX_ARB_create_context_profile
[    32.754] (II) AIGLX: enabled GLX_EXT_create_context_es{,2}_profile
[    32.755] (II) AIGLX: enabled GLX_EXT_framebuffer_sRGB
[    32.755] (II) AIGLX: enabled GLX_ARB_fbconfig_float
[    32.755] (II) AIGLX: enabled GLX_EXT_fbconfig_packed_float
[    32.755] (II) AIGLX: GLX_EXT_texture_from_pixmap backed by buffer objects
[    32.756] (II) AIGLX: Loaded and initialized vmwgfx
[    32.756] (II) GLX: Initialized DRI2 GL provider for screen 0
[    32.780] (II) vmware(0): Setting screen physical size to 211 x 158
[    32.878] (II) config/udev: Adding input device Power Button (/dev/input/event0)
[    32.878] (**) Power Button: Applying InputClass "libinput keyboard catchall"
[    32.878] (II) LoadModule: "libinput"
[    32.879] (II) Loading /usr/lib/xorg/modules/input/libinput_drv.so
[    32.885] (II) Module libinput: vendor="X.Org Foundation"
[    32.885] 	compiled for 1.19.6, module version = 0.27.1
[    32.885] 	Module class: X.Org XInput Driver
[    32.886] 	ABI class: X.Org XInput driver, version 24.1
[    32.886] (II) Using input driver 'libinput' for 'Power Button'
[    32.896] (II) systemd-logind: got fd for /dev/input/event0 13:64 fd 24 paused 0
[    32.897] (**) Power Button: always reports core events
[    32.897] (**) Option "Device" "/dev/input/event0"
[    32.897] (**) Option "_source" "server/udev"
[    32.908] (II) event0  - Power Button: is tagged by udev as: Keyboard
[    32.908] (II) event0  - Power Button: device is a keyboard
[    32.910] (II) event0  - Power Button: device removed
[    32.910] (**) Option "config_info" "udev:/sys/devices/LNXSYSTM:00/LNXPWRBN:00/input/input0/event0"
[    32.911] (II) XINPUT: Adding extended input device "Power Button" (type: KEYBOARD, id 6)
[    32.911] (**) Option "xkb_model" "SKIP"
[    32.911] (**) Option "xkb_layout" "us"
[    32.980] (II) event0  - Power Button: is tagged by udev as: Keyboard
[    32.980] (II) event0  - Power Button: device is a keyboard
[    32.986] (II) config/udev: Adding input device VMware VMware Virtual USB Mouse (/dev/input/event4)
[    32.987] (**) VMware VMware Virtual USB Mouse: Applying InputClass "libinput pointer catchall"
[    32.987] (II) Using input driver 'libinput' for 'VMware VMware Virtual USB Mouse'
[    33.049] (II) systemd-logind: got fd for /dev/input/event4 13:68 fd 27 paused 0
[    33.049] (**) VMware VMware Virtual USB Mouse: always reports core events
[    33.049] (**) Option "Device" "/dev/input/event4"
[    33.049] (**) Option "_source" "server/udev"
[    33.050] (II) event4  - VMware VMware Virtual USB Mouse: is tagged by udev as: Mouse
[    33.050] (II) event4  - VMware VMware Virtual USB Mouse: device is a pointer
[    33.050] (II) event4  - VMware VMware Virtual USB Mouse: device removed
[    33.050] (**) Option "config_info" "udev:/sys/devices/pci0000:00/0000:00:11.0/0000:02:00.0/usb2/2-1/2-1:1.0/0003:0E0F:0003.0001/input/input5/event4"
[    33.050] (II) XINPUT: Adding extended input device "VMware VMware Virtual USB Mouse" (type: MOUSE, id 7)
[    33.050] (**) Option "AccelerationScheme" "none"
[    33.050] (**) VMware VMware Virtual USB Mouse: (accel) selected scheme none/0
[    33.050] (**) VMware VMware Virtual USB Mouse: (accel) acceleration factor: 2.000
[    33.050] (**) VMware VMware Virtual USB Mouse: (accel) acceleration threshold: 4
[    33.051] (II) event4  - VMware VMware Virtual USB Mouse: is tagged by udev as: Mouse
[    33.051] (II) event4  - VMware VMware Virtual USB Mouse: device is a pointer
[    33.051] (II) config/udev: Adding input device VMware VMware Virtual USB Mouse (/dev/input/mouse2)
[    33.051] (II) No input driver specified, ignoring this device.
[    33.051] (II) This device may have been added with another device file.
[    33.052] (II) config/udev: Adding input device AT Translated Set 2 keyboard (/dev/input/event1)
[    33.052] (**) AT Translated Set 2 keyboard: Applying InputClass "libinput keyboard catchall"
[    33.052] (II) Using input driver 'libinput' for 'AT Translated Set 2 keyboard'
[    33.066] (II) systemd-logind: got fd for /dev/input/event1 13:65 fd 28 paused 0
[    33.066] (**) AT Translated Set 2 keyboard: always reports core events
[    33.066] (**) Option "Device" "/dev/input/event1"
[    33.066] (**) Option "_source" "server/udev"
[    33.067] (II) event1  - AT Translated Set 2 keyboard: is tagged by udev as: Keyboard
[    33.068] (II) event1  - AT Translated Set 2 keyboard: device is a keyboard
[    33.068] (II) event1  - AT Translated Set 2 keyboard: device removed
[    33.068] (**) Option "config_info" "udev:/sys/devices/platform/i8042/serio0/input/input1/event1"
[    33.068] (II) XINPUT: Adding extended input device "AT Translated Set 2 keyboard" (type: KEYBOARD, id 8)
[    33.068] (**) Option "xkb_model" "SKIP"
[    33.068] (**) Option "xkb_layout" "us"
[    33.079] (II) event1  - AT Translated Set 2 keyboard: is tagged by udev as: Keyboard
[    33.079] (II) event1  - AT Translated Set 2 keyboard: device is a keyboard
[    33.080] (II) config/udev: Adding input device VirtualPS/2 VMware VMMouse (/dev/input/event3)
[    33.081] (**) VirtualPS/2 VMware VMMouse: Applying InputClass "libinput pointer catchall"
[    33.082] (II) Using input driver 'libinput' for 'VirtualPS/2 VMware VMMouse'
[    33.084] (II) systemd-logind: got fd for /dev/input/event3 13:67 fd 29 paused 0
[    33.084] (**) VirtualPS/2 VMware VMMouse: always reports core events
[    33.084] (**) Option "Device" "/dev/input/event3"
[    33.085] (**) Option "_source" "server/udev"
[    33.086] (II) event3  - VirtualPS/2 VMware VMMouse: is tagged by udev as: Mouse
[    33.086] (II) event3  - VirtualPS/2 VMware VMMouse: device is a pointer
[    33.086] (II) event3  - VirtualPS/2 VMware VMMouse: device removed
[    33.086] (**) Option "config_info" "udev:/sys/devices/platform/i8042/serio1/input/input3/event3"
[    33.086] (II) XINPUT: Adding extended input device "VirtualPS/2 VMware VMMouse" (type: MOUSE, id 9)
[    33.086] (**) Option "AccelerationScheme" "none"
[    33.086] (**) VirtualPS/2 VMware VMMouse: (accel) selected scheme none/0
[    33.086] (**) VirtualPS/2 VMware VMMouse: (accel) acceleration factor: 2.000
[    33.086] (**) VirtualPS/2 VMware VMMouse: (accel) acceleration threshold: 4
[    33.087] (II) event3  - VirtualPS/2 VMware VMMouse: is tagged by udev as: Mouse
[    33.087] (II) event3  - VirtualPS/2 VMware VMMouse: device is a pointer
[    33.087] (II) config/udev: Adding input device VirtualPS/2 VMware VMMouse (/dev/input/mouse1)
[    33.087] (II) No input driver specified, ignoring this device.
[    33.087] (II) This device may have been added with another device file.
[    33.100] (II) config/udev: Adding input device VirtualPS/2 VMware VMMouse (/dev/input/event2)
[    33.100] (**) VirtualPS/2 VMware VMMouse: Applying InputClass "libinput pointer catchall"
[    33.100] (II) Using input driver 'libinput' for 'VirtualPS/2 VMware VMMouse'
[    33.102] (II) systemd-logind: got fd for /dev/input/event2 13:66 fd 30 paused 0
[    33.102] (**) VirtualPS/2 VMware VMMouse: always reports core events
[    33.102] (**) Option "Device" "/dev/input/event2"
[    33.102] (**) Option "_source" "server/udev"
[    33.102] (II) event2  - VirtualPS/2 VMware VMMouse: is tagged by udev as: Mouse
[    33.102] (II) event2  - VirtualPS/2 VMware VMMouse: device is a pointer
[    33.102] (II) event2  - VirtualPS/2 VMware VMMouse: device removed
[    33.102] (**) Option "config_info" "udev:/sys/devices/platform/i8042/serio1/input/input4/event2"
[    33.102] (II) XINPUT: Adding extended input device "VirtualPS/2 VMware VMMouse" (type: MOUSE, id 10)
[    33.102] (**) Option "AccelerationScheme" "none"
[    33.102] (**) VirtualPS/2 VMware VMMouse: (accel) selected scheme none/0
[    33.102] (**) VirtualPS/2 VMware VMMouse: (accel) acceleration factor: 2.000
[    33.102] (**) VirtualPS/2 VMware VMMouse: (accel) acceleration threshold: 4
[    33.103] (II) event2  - VirtualPS/2 VMware VMMouse: is tagged by udev as: Mouse
[    33.103] (II) event2  - VirtualPS/2 VMware VMMouse: device is a pointer
[    33.103] (II) config/udev: Adding input device VirtualPS/2 VMware VMMouse (/dev/input/mouse0)
[    33.103] (II) No input driver specified, ignoring this device.
[    33.103] (II) This device may have been added with another device file.
[ 10706.175] (DB) vmware(0): New layout.
[ 10706.192] (DB) vmware(0): 0: 0 0 958 948
[ 10706.192] (DB) vmware(0): 
[ 10706.636] (DB) vmware(0): New layout.
[ 10706.636] (DB) vmware(0): 0: 0 0 958 940
[ 10706.637] (DB) vmware(0): 
[ 12014.490] (DB) vmware(0): New layout.
[ 12014.490] (DB) vmware(0): 0: 0 0 958 948
[ 12014.490] (DB) vmware(0): 
[ 14816.781] (DB) vmware(0): New layout.
[ 14816.795] (DB) vmware(0): 0: 0 0 958 940
[ 14816.796] (DB) vmware(0): 
[ 25115.406] (DB) vmware(0): New layout.
[ 25115.409] (DB) vmware(0): 0: 0 0 958 948
[ 25115.410] (DB) vmware(0): 
[ 35411.747] (DB) vmware(0): New layout.
[ 35411.749] (DB) vmware(0): 0: 0 0 958 940
[ 35411.749] (DB) vmware(0): 
[ 35650.320] (DB) vmware(0): New layout.
[ 35650.321] (DB) vmware(0): 0: 0 0 958 948
[ 35650.321] (DB) vmware(0): 
[ 37264.028] (DB) vmware(0): New layout.
[ 37264.029] (DB) vmware(0): 0: 0 0 902 948
[ 37264.030] (DB) vmware(0): 
[ 37264.099] (DB) vmware(0): New layout.
[ 37264.099] (DB) vmware(0): 0: 0 0 958 940
[ 37264.100] (DB) vmware(0): 
[ 37264.153] (DB) vmware(0): New layout.
[ 37264.153] (DB) vmware(0): 0: 0 0 902 940
[ 37264.153] (DB) vmware(0): 
[ 37265.574] (DB) vmware(0): New layout.
[ 37265.574] (DB) vmware(0): 0: 0 0 947 948
[ 37265.574] (DB) vmware(0): 
[ 37265.748] (DB) vmware(0): New layout.
[ 37265.748] (DB) vmware(0): 0: 0 0 947 940
[ 37265.748] (DB) vmware(0): 
[ 37466.705] (DB) vmware(0): New layout.
[ 37466.705] (DB) vmware(0): 0: 0 0 958 948
[ 37466.706] (DB) vmware(0): 
[ 37466.869] (DB) vmware(0): New layout.
[ 37466.869] (DB) vmware(0): 0: 0 0 958 940
[ 37466.870] (DB) vmware(0): 
[ 37466.937] (DB) vmware(0): New layout.
[ 37466.938] (DB) vmware(0): 0: 0 0 320 200
[ 37466.938] (DB) vmware(0): 
[ 37557.145] (DB) vmware(0): New layout.
[ 37557.145] (DB) vmware(0): 0: 0 0 1920 958
[ 37557.146] (DB) vmware(0): 
[ 37558.643] (DB) vmware(0): New layout.
[ 37558.643] (DB) vmware(0): 0: 0 0 958 948
[ 37558.644] (DB) vmware(0): 
[ 37558.845] (DB) vmware(0): New layout.
[ 37558.847] (DB) vmware(0): 0: 0 0 1902 940
[ 37558.847] (DB) vmware(0): 
[ 37559.117] (DB) vmware(0): New layout.
[ 37559.117] (DB) vmware(0): 0: 0 0 320 200
[ 37559.117] (DB) vmware(0): 
[ 37561.844] (DB) vmware(0): New layout.
[ 37561.845] (DB) vmware(0): 0: 0 0 958 948
[ 37561.845] (DB) vmware(0): 
[ 37561.913] (DB) vmware(0): New layout.
[ 37561.914] (DB) vmware(0): 0: 0 0 958 940
[ 37561.915] (DB) vmware(0): 
[ 38150.152] (DB) vmware(0): New layout.
[ 38150.152] (DB) vmware(0): 0: 0 0 958 948
[ 38150.152] (DB) vmware(0): 
[ 38467.455] (DB) vmware(0): New layout.
[ 38467.457] (DB) vmware(0): 0: 0 0 949 948
[ 38467.458] (DB) vmware(0): 
[ 38467.506] (DB) vmware(0): New layout.
[ 38467.507] (DB) vmware(0): 0: 0 0 958 940
[ 38467.509] (DB) vmware(0): 
[ 38467.658] (DB) vmware(0): New layout.
[ 38467.661] (DB) vmware(0): 0: 0 0 949 940
[ 38467.661] (DB) vmware(0): 
[ 38469.259] (DB) vmware(0): New layout.
[ 38469.259] (DB) vmware(0): 0: 0 0 949 948
[ 38469.259] (DB) vmware(0): 
[ 38469.610] (DB) vmware(0): New layout.
[ 38469.610] (DB) vmware(0): 0: 0 0 952 948
[ 38469.610] (DB) vmware(0): 
[ 38469.679] (DB) vmware(0): New layout.
[ 38469.680] (DB) vmware(0): 0: 0 0 949 940
[ 38469.680] (DB) vmware(0): 
[ 41445.732] (DB) vmware(0): New layout.
[ 41445.732] (DB) vmware(0): 0: 0 0 949 948
[ 41445.733] (DB) vmware(0): 
[ 41588.248] (DB) vmware(0): New layout.
[ 41588.249] (DB) vmware(0): 0: 0 0 958 948
[ 41588.249] (DB) vmware(0): 
[ 41588.301] (DB) vmware(0): New layout.
[ 41588.302] (DB) vmware(0): 0: 0 0 949 940
[ 41588.302] (DB) vmware(0): 
[ 41588.460] (DB) vmware(0): New layout.
[ 41588.461] (DB) vmware(0): 0: 0 0 958 940
[ 41588.462] (DB) vmware(0): 
[ 43069.352] (DB) vmware(0): New layout.
[ 43069.352] (DB) vmware(0): 0: 0 0 958 948
[ 43069.352] (DB) vmware(0): 
[ 43074.759] (DB) vmware(0): New layout.
[ 43074.759] (DB) vmware(0): 0: 0 0 1327 948
[ 43074.759] (DB) vmware(0): 
[ 43074.824] (DB) vmware(0): New layout.
[ 43074.824] (DB) vmware(0): 0: 0 0 958 940
[ 43074.824] (DB) vmware(0): 
[ 43074.936] (DB) vmware(0): New layout.
[ 43074.939] (DB) vmware(0): 0: 0 0 1327 940
[ 43074.939] (DB) vmware(0): 
